<?xml version="1.0" encoding="UTF-8"?>
<!-- Generated by org.testng.reporters.JUnitXMLReporter -->
<testsuite ignored="0" hostname="A4-G-712-WINDOWS" failures="1" tests="2" name="ErrorValidation" time="56.249"
           errors="0" timestamp="2023-06-19T10:39:51 IST">
    <testcase classname="tests.ErrorValidation" name="LoginErrorValidation" time="4.513">
        <failure type="java.lang.AssertionError" message="expected [Welcome, Please Sign In!] but found [Welcome, ]">
            <![CDATA[java.lang.AssertionError: expected [Welcome, Please Sign In!] but found [Welcome, ]
at tests.ErrorValidation.LoginErrorValidation(ErrorValidation.java:22)
at java.base/java.util.ArrayList.forEach(ArrayList.java:1511)
... Removed 33 stack frames]]>
        </failure>
    </testcase> <!-- LoginErrorValidation -->
    <testcase classname="tests.ErrorValidation" name="LoginErrorValidation" time="42.598"/>
</testsuite> <!-- ErrorValidation -->
